warning: Git tree '/home/schere/nixos' is dirty
building the system configuration...
warning: Git tree '/home/schere/nixos' is dirty
these 5 derivations will be built:
  /nix/store/dgc5pdwi3jvb12p0wdwjj6rg55jjzr22-unit-script-nixos-upgrade-start.drv
  /nix/store/h1vks1hvm2pmj85dflaqywsmpdymk6hx-unit-nixos-upgrade.service.drv
  /nix/store/9aisbq7y07zmycwd7l1pl93hnbigx3g2-system-units.drv
  /nix/store/vansdkp9mx7imvw3xd2bydg2lyn9bidb-etc.drv
  /nix/store/zskh7qlsaskalcl3q21lw588sfsj6683-nixos-system-nixos-25.11.20250630.3016b4b.drv
building '/nix/store/dgc5pdwi3jvb12p0wdwjj6rg55jjzr22-unit-script-nixos-upgrade-start.drv'...
building '/nix/store/h1vks1hvm2pmj85dflaqywsmpdymk6hx-unit-nixos-upgrade.service.drv'...
building '/nix/store/9aisbq7y07zmycwd7l1pl93hnbigx3g2-system-units.drv'...
building '/nix/store/vansdkp9mx7imvw3xd2bydg2lyn9bidb-etc.drv'...
building '/nix/store/zskh7qlsaskalcl3q21lw588sfsj6683-nixos-system-nixos-25.11.20250630.3016b4b.drv'...
activating the configuration...
setting up /etc...
reloading user units for schere...
restarting sysinit-reactivation.target
the following new units were started: NetworkManager-dispatcher.service
Done. The new configuration is /nix/store/whdnxqfaiy1ay25b31i9yfh7nr45ddcy-nixos-system-nixos-25.11.20250630.3016b4b
